2025-06-18 13:17:00,405 - client_process_8 - INFO - Cliente 8: Iniciando proceso
2025-06-18 13:17:00,406 - client_process_8 - INFO - Inicializando DataLoader con config: {'base_dir': '/home/juand/TFG/FLAegis-Federated-Learning-Approach-for-Enhanced-Guarding-against-Intrusion-and-Security-threats', 'dataset_type': 'pleidata', 'target_col': 'dif_cons_real', 'feature_cols': ['dif_cons_real', 'dif_cons_smooth', 'V2', 'V4', 'V12', 'V26', 'Hour_1', 'Hour_2', 'Hour_3', 'Season_1', 'Season_2', 'Season_3', 'Season_4', 'tmed', 'hrmed', 'radmed', 'vvmed', 'dvmed', 'prec', 'dewpt', 'dpv'], 'window_size': 12, 'separator': ';', 'type': 'convlstm'}
2025-06-18 13:17:00,406 - client_process_8 - INFO - Preparando constructor de modelo tipo: convlstm
2025-06-18 13:17:00,406 - client_process_8 - INFO - _buildModel: tipo='convlstm', config={'type': 'convlstm', 'learning_rate': 0.0003, 'batch_size': 32, 'convlstm_filters_1': 64, 'convlstm_filters_2': 32, 'dense_units_1': 64, 'dense_units_2': 32, 'dropout_rate': 0.1}
2025-06-18 13:17:00,406 - client_process_8 - INFO - === INICIANDO CLIENTE ===
2025-06-18 13:17:00,406 - client_process_8 - INFO - Cargando datos...
2025-06-18 13:17:00,406 - client_process_8 - INFO - Iniciando carga para cliente 8 con dataset_type: 'pleidata'
2025-06-18 13:17:00,407 - client_process_8 - INFO - Cargando datos desde: /home/juand/TFG/FLAegis-Federated-Learning-Approach-for-Enhanced-Guarding-against-Intrusion-and-Security-threats/data/pleidata/data_party8.csv
2025-06-18 13:17:00,438 - client_process_8 - INFO - DataFrame original shape: (77, 26)
2025-06-18 13:17:00,438 - client_process_8 - INFO - Columnas disponibles: ['Date', 'dif_cons_real', 'cons_total', 'dif_cons_smooth', 'V2', 'V4', 'V12', 'V26', 'V5_0', 'V5_1', 'V5_2', 'Hour_1', 'Hour_2', 'Hour_3', 'Season_1', 'Season_2', 'Season_3', 'Season_4', 'tmed', 'hrmed', 'radmed', 'vvmed', 'dvmed', 'prec', 'dewpt', 'dpv']
2025-06-18 13:17:00,443 - client_process_8 - INFO - Datos después de limpiar NaN y valores no numéricos: (77, 26)
2025-06-18 13:17:00,456 - client_process_8 - INFO - Datos cargados - Train: (52, 12, 1, 21, 1), Test: (13, 12, 1, 21, 1)
2025-06-18 13:17:00,457 - client_process_8 - INFO - Construyendo modelo...
2025-06-18 13:17:01,507 - client_process_8 - WARNING - DEPRECATED FEATURE: flwr.client.start_numpy_client() is deprecated. 
	Instead, use `flwr.client.start_client()` by ensuring you first call the `.to_client()` method as shown below: 
	flwr.client.start_client(
		server_address='<IP>:<PORT>',
		client=FlowerClient().to_client(), # <-- where FlowerClient is of type flwr.client.NumPyClient object
	)
	Using `start_numpy_client()` is deprecated.

            This is a deprecated feature. It will be removed
            entirely in future versions of Flower.
        
2025-06-18 13:17:01,507 - client_process_8 - WARNING - DEPRECATED FEATURE: flwr.client.start_client() is deprecated.
	Instead, use the `flower-supernode` CLI command to start a SuperNode as shown below:

		$ flower-supernode --insecure --superlink='<IP>:<PORT>'

	To view all available options, run:

		$ flower-supernode --help

	Using `start_client()` is deprecated.

            This is a deprecated feature. It will be removed
            entirely in future versions of Flower.
        
2025-06-18 13:17:01,520 - client_process_8 - DEBUG - Opened insecure gRPC connection (no certificates were passed)
2025-06-18 13:17:01,542 - client_process_8 - DEBUG - ChannelConnectivity.IDLE
2025-06-18 13:17:01,546 - client_process_8 - DEBUG - ChannelConnectivity.CONNECTING
2025-06-18 13:17:01,550 - client_process_8 - DEBUG - ChannelConnectivity.READY
2025-06-18 13:17:01,647 - client_process_8 - INFO - 
2025-06-18 13:17:01,647 - client_process_8 - INFO - Received: train message e39b4d4c-4e1c-4d66-a261-3e9fb6f9eaa8
2025-06-18 13:17:01,649 - client_process_8 - INFO - CLIENT 8: === FIT_START ===
2025-06-18 13:17:01,650 - client_process_8 - INFO - Recibida orden de entrenamiento para la ronda 1
2025-06-18 13:17:01,650 - client_process_8 - INFO - CLIENT 8: Estableciendo pesos del modelo global...
2025-06-18 13:17:01,674 - client_process_8 - INFO - CLIENT 8: Pesos del modelo establecidos.
2025-06-18 13:17:01,674 - client_process_8 - INFO - CLIENT 8: Forma de los datos de entrenamiento: X=(52, 12, 1, 21, 1), y=(52,)
2025-06-18 13:17:01,674 - client_process_8 - INFO - CLIENT 8: Preparado para llamar a model.fit() con epochs=10 y batch_size=32
